2023-11-27 09:48:55,749 [Worker-1: Loading available Gradle versions] INFO  o.e.b.c.i.u.g.PublishedGradleVersions - Gradle version information cache is not available. Remote download required.
2023-11-28 13:51:05,591 [Worker-6: Loading available Gradle versions] INFO  o.e.b.c.i.u.g.PublishedGradleVersions - Gradle version information cache is up-to-date. Trying to read.
2023-11-29 14:07:01,251 [Worker-1: Loading available Gradle versions] INFO  o.e.b.c.i.u.g.PublishedGradleVersions - Gradle version information cache is out-of-date. Trying to update.
2023-11-30 10:02:23,583 [Worker-4: Loading available Gradle versions] INFO  o.e.b.c.i.u.g.PublishedGradleVersions - Gradle version information cache is up-to-date. Trying to read.
2023-12-08 14:08:08,353 [Worker-5: Loading available Gradle versions] INFO  o.e.b.c.i.u.g.PublishedGradleVersions - Gradle version information cache is out-of-date. Trying to update.
2023-12-08 16:03:37,845 [ModalContext] INFO  o.e.m.c.i.e.AbstractTransferListenerAdapter - Downloading https://repo.maven.apache.org/maven2/org/apache/maven/archetypes/maven-archetype-quickstart/1.1/maven-archetype-quickstart-1.1.pom
2023-12-08 16:03:38,247 [ModalContext] INFO  o.e.m.c.i.e.AbstractTransferListenerAdapter - Downloaded https://repo.maven.apache.org/maven2/org/apache/maven/archetypes/maven-archetype-quickstart/1.1/maven-archetype-quickstart-1.1.pom
2023-12-08 16:03:38,868 [ModalContext] INFO  o.e.m.c.i.e.AbstractTransferListenerAdapter - Downloading https://repo.maven.apache.org/maven2/org/apache/maven/archetypes/maven-archetype-bundles/4/maven-archetype-bundles-4.pom
2023-12-08 16:03:38,999 [ModalContext] INFO  o.e.m.c.i.e.AbstractTransferListenerAdapter - Downloaded https://repo.maven.apache.org/maven2/org/apache/maven/archetypes/maven-archetype-bundles/4/maven-archetype-bundles-4.pom
2023-12-08 16:03:40,629 [ModalContext] INFO  o.e.m.c.i.e.AbstractTransferListenerAdapter - Downloading https://repo.maven.apache.org/maven2/org/apache/maven/archetype/maven-archetype/2.0-alpha-5/maven-archetype-2.0-alpha-5.pom
2023-12-08 16:03:40,785 [ModalContext] INFO  o.e.m.c.i.e.AbstractTransferListenerAdapter - Downloaded https://repo.maven.apache.org/maven2/org/apache/maven/archetype/maven-archetype/2.0-alpha-5/maven-archetype-2.0-alpha-5.pom
2023-12-08 16:03:41,405 [ModalContext] INFO  o.e.m.c.i.e.AbstractTransferListenerAdapter - Downloading https://repo.maven.apache.org/maven2/org/apache/maven/maven-parent/16/maven-parent-16.pom
2023-12-08 16:03:41,723 [ModalContext] INFO  o.e.m.c.i.e.AbstractTransferListenerAdapter - Downloaded https://repo.maven.apache.org/maven2/org/apache/maven/maven-parent/16/maven-parent-16.pom
2023-12-08 16:03:42,400 [ModalContext] INFO  o.e.m.c.i.e.AbstractTransferListenerAdapter - Downloading https://repo.maven.apache.org/maven2/org/apache/apache/7/apache-7.pom
2023-12-08 16:03:42,564 [ModalContext] INFO  o.e.m.c.i.e.AbstractTransferListenerAdapter - Downloaded https://repo.maven.apache.org/maven2/org/apache/apache/7/apache-7.pom
2023-12-08 16:03:43,049 [ModalContext] INFO  o.e.m.c.i.e.AbstractTransferListenerAdapter - Downloading https://repo.maven.apache.org/maven2/org/apache/maven/archetypes/maven-archetype-quickstart/1.1/maven-archetype-quickstart-1.1.jar
2023-12-08 16:03:43,212 [ModalContext] INFO  o.e.m.c.i.e.AbstractTransferListenerAdapter - Downloaded https://repo.maven.apache.org/maven2/org/apache/maven/archetypes/maven-archetype-quickstart/1.1/maven-archetype-quickstart-1.1.jar
2023-12-08 16:05:07,484 [Worker-43: Launching mavenrun-398e27f4-4125-4448-bc51-f6bd30807766] INFO  o.eclipse.m2e.core.internal.Bundles - getClasspathEntries(Bundle=org.eclipse.m2e.maven.runtime_3.9.400.20230826-0755 [297])
2023-12-08 16:05:07,663 [Worker-43: Launching mavenrun-398e27f4-4125-4448-bc51-f6bd30807766] INFO  o.eclipse.m2e.core.internal.Bundles - 	Entry: C:\Users\uppal\.p2\pool\plugins\org.eclipse.m2e.maven.runtime_3.9.400.20230826-0755
2023-12-08 16:05:07,664 [Worker-43: Launching mavenrun-398e27f4-4125-4448-bc51-f6bd30807766] INFO  o.eclipse.m2e.core.internal.Bundles - 	Entry: C:\Users\uppal\.p2\pool\plugins\org.eclipse.m2e.maven.runtime_3.9.400.20230826-0755\jars\aether-connector-okhttp-0.17.8.jar
2023-12-08 16:05:07,664 [Worker-43: Launching mavenrun-398e27f4-4125-4448-bc51-f6bd30807766] INFO  o.eclipse.m2e.core.internal.Bundles - 	Entry: C:\Users\uppal\.p2\pool\plugins\org.eclipse.m2e.maven.runtime_3.9.400.20230826-0755\jars\aopalliance-1.0.jar
2023-12-08 16:05:07,665 [Worker-43: Launching mavenrun-398e27f4-4125-4448-bc51-f6bd30807766] INFO  o.eclipse.m2e.core.internal.Bundles - 	Entry: C:\Users\uppal\.p2\pool\plugins\org.eclipse.m2e.maven.runtime_3.9.400.20230826-0755\jars\commons-lang3-3.12.0.jar
2023-12-08 16:05:07,665 [Worker-43: Launching mavenrun-398e27f4-4125-4448-bc51-f6bd30807766] INFO  o.eclipse.m2e.core.internal.Bundles - 	Entry: C:\Users\uppal\.p2\pool\plugins\org.eclipse.m2e.maven.runtime_3.9.400.20230826-0755\jars\guice-5.1.0.jar
2023-12-08 16:05:07,666 [Worker-43: Launching mavenrun-398e27f4-4125-4448-bc51-f6bd30807766] INFO  o.eclipse.m2e.core.internal.Bundles - 	Entry: C:\Users\uppal\.p2\pool\plugins\org.eclipse.m2e.maven.runtime_3.9.400.20230826-0755\jars\jansi-2.4.0.jar
2023-12-08 16:05:07,666 [Worker-43: Launching mavenrun-398e27f4-4125-4448-bc51-f6bd30807766] INFO  o.eclipse.m2e.core.internal.Bundles - 	Entry: C:\Users\uppal\.p2\pool\plugins\org.eclipse.m2e.maven.runtime_3.9.400.20230826-0755\jars\maven-artifact-3.9.4.jar
2023-12-08 16:05:07,666 [Worker-43: Launching mavenrun-398e27f4-4125-4448-bc51-f6bd30807766] INFO  o.eclipse.m2e.core.internal.Bundles - 	Entry: C:\Users\uppal\.p2\pool\plugins\org.eclipse.m2e.maven.runtime_3.9.400.20230826-0755\jars\maven-builder-support-3.9.4.jar
2023-12-08 16:05:07,667 [Worker-43: Launching mavenrun-398e27f4-4125-4448-bc51-f6bd30807766] INFO  o.eclipse.m2e.core.internal.Bundles - 	Entry: C:\Users\uppal\.p2\pool\plugins\org.eclipse.m2e.maven.runtime_3.9.400.20230826-0755\jars\maven-compat-3.9.4.jar
2023-12-08 16:05:07,667 [Worker-43: Launching mavenrun-398e27f4-4125-4448-bc51-f6bd30807766] INFO  o.eclipse.m2e.core.internal.Bundles - 	Entry: C:\Users\uppal\.p2\pool\plugins\org.eclipse.m2e.maven.runtime_3.9.400.20230826-0755\jars\maven-core-3.9.4.jar
2023-12-08 16:05:07,667 [Worker-43: Launching mavenrun-398e27f4-4125-4448-bc51-f6bd30807766] INFO  o.eclipse.m2e.core.internal.Bundles - 	Entry: C:\Users\uppal\.p2\pool\plugins\org.eclipse.m2e.maven.runtime_3.9.400.20230826-0755\jars\maven-embedder-3.9.4.jar
2023-12-08 16:05:07,667 [Worker-43: Launching mavenrun-398e27f4-4125-4448-bc51-f6bd30807766] INFO  o.eclipse.m2e.core.internal.Bundles - 	Entry: C:\Users\uppal\.p2\pool\plugins\org.eclipse.m2e.maven.runtime_3.9.400.20230826-0755\jars\maven-model-3.9.4.jar
2023-12-08 16:05:07,667 [Worker-43: Launching mavenrun-398e27f4-4125-4448-bc51-f6bd30807766] INFO  o.eclipse.m2e.core.internal.Bundles - 	Entry: C:\Users\uppal\.p2\pool\plugins\org.eclipse.m2e.maven.runtime_3.9.400.20230826-0755\jars\maven-model-builder-3.9.4.jar
2023-12-08 16:05:07,667 [Worker-43: Launching mavenrun-398e27f4-4125-4448-bc51-f6bd30807766] INFO  o.eclipse.m2e.core.internal.Bundles - 	Entry: C:\Users\uppal\.p2\pool\plugins\org.eclipse.m2e.maven.runtime_3.9.400.20230826-0755\jars\maven-plugin-api-3.9.4.jar
2023-12-08 16:05:07,667 [Worker-43: Launching mavenrun-398e27f4-4125-4448-bc51-f6bd30807766] INFO  o.eclipse.m2e.core.internal.Bundles - 	Entry: C:\Users\uppal\.p2\pool\plugins\org.eclipse.m2e.maven.runtime_3.9.400.20230826-0755\jars\maven-repository-metadata-3.9.4.jar
2023-12-08 16:05:07,667 [Worker-43: Launching mavenrun-398e27f4-4125-4448-bc51-f6bd30807766] INFO  o.eclipse.m2e.core.internal.Bundles - 	Entry: C:\Users\uppal\.p2\pool\plugins\org.eclipse.m2e.maven.runtime_3.9.400.20230826-0755\jars\maven-resolver-api-1.9.14.jar
2023-12-08 16:05:07,667 [Worker-43: Launching mavenrun-398e27f4-4125-4448-bc51-f6bd30807766] INFO  o.eclipse.m2e.core.internal.Bundles - 	Entry: C:\Users\uppal\.p2\pool\plugins\org.eclipse.m2e.maven.runtime_3.9.400.20230826-0755\jars\maven-resolver-connector-basic-1.9.14.jar
2023-12-08 16:05:07,667 [Worker-43: Launching mavenrun-398e27f4-4125-4448-bc51-f6bd30807766] INFO  o.eclipse.m2e.core.internal.Bundles - 	Entry: C:\Users\uppal\.p2\pool\plugins\org.eclipse.m2e.maven.runtime_3.9.400.20230826-0755\jars\maven-resolver-impl-1.9.14.jar
2023-12-08 16:05:07,668 [Worker-43: Launching mavenrun-398e27f4-4125-4448-bc51-f6bd30807766] INFO  o.eclipse.m2e.core.internal.Bundles - 	Entry: C:\Users\uppal\.p2\pool\plugins\org.eclipse.m2e.maven.runtime_3.9.400.20230826-0755\jars\maven-resolver-named-locks-1.9.14.jar
2023-12-08 16:05:07,668 [Worker-43: Launching mavenrun-398e27f4-4125-4448-bc51-f6bd30807766] INFO  o.eclipse.m2e.core.internal.Bundles - 	Entry: C:\Users\uppal\.p2\pool\plugins\org.eclipse.m2e.maven.runtime_3.9.400.20230826-0755\jars\maven-resolver-provider-3.9.4.jar
2023-12-08 16:05:07,668 [Worker-43: Launching mavenrun-398e27f4-4125-4448-bc51-f6bd30807766] INFO  o.eclipse.m2e.core.internal.Bundles - 	Entry: C:\Users\uppal\.p2\pool\plugins\org.eclipse.m2e.maven.runtime_3.9.400.20230826-0755\jars\maven-resolver-spi-1.9.14.jar
2023-12-08 16:05:07,668 [Worker-43: Launching mavenrun-398e27f4-4125-4448-bc51-f6bd30807766] INFO  o.eclipse.m2e.core.internal.Bundles - 	Entry: C:\Users\uppal\.p2\pool\plugins\org.eclipse.m2e.maven.runtime_3.9.400.20230826-0755\jars\maven-resolver-transport-wagon-1.9.14.jar
2023-12-08 16:05:07,668 [Worker-43: Launching mavenrun-398e27f4-4125-4448-bc51-f6bd30807766] INFO  o.eclipse.m2e.core.internal.Bundles - 	Entry: C:\Users\uppal\.p2\pool\plugins\org.eclipse.m2e.maven.runtime_3.9.400.20230826-0755\jars\maven-resolver-util-1.9.14.jar
2023-12-08 16:05:07,668 [Worker-43: Launching mavenrun-398e27f4-4125-4448-bc51-f6bd30807766] INFO  o.eclipse.m2e.core.internal.Bundles - 	Entry: C:\Users\uppal\.p2\pool\plugins\org.eclipse.m2e.maven.runtime_3.9.400.20230826-0755\jars\maven-settings-3.9.4.jar
2023-12-08 16:05:07,668 [Worker-43: Launching mavenrun-398e27f4-4125-4448-bc51-f6bd30807766] INFO  o.eclipse.m2e.core.internal.Bundles - 	Entry: C:\Users\uppal\.p2\pool\plugins\org.eclipse.m2e.maven.runtime_3.9.400.20230826-0755\jars\maven-settings-builder-3.9.4.jar
2023-12-08 16:05:07,669 [Worker-43: Launching mavenrun-398e27f4-4125-4448-bc51-f6bd30807766] INFO  o.eclipse.m2e.core.internal.Bundles - 	Entry: C:\Users\uppal\.p2\pool\plugins\org.eclipse.m2e.maven.runtime_3.9.400.20230826-0755\jars\maven-shared-utils-3.3.4.jar
2023-12-08 16:05:07,669 [Worker-43: Launching mavenrun-398e27f4-4125-4448-bc51-f6bd30807766] INFO  o.eclipse.m2e.core.internal.Bundles - 	Entry: C:\Users\uppal\.p2\pool\plugins\org.eclipse.m2e.maven.runtime_3.9.400.20230826-0755\jars\okhttp-3.14.1.jar
2023-12-08 16:05:07,669 [Worker-43: Launching mavenrun-398e27f4-4125-4448-bc51-f6bd30807766] INFO  o.eclipse.m2e.core.internal.Bundles - 	Entry: C:\Users\uppal\.p2\pool\plugins\org.eclipse.m2e.maven.runtime_3.9.400.20230826-0755\jars\okio-1.17.3.jar
2023-12-08 16:05:07,669 [Worker-43: Launching mavenrun-398e27f4-4125-4448-bc51-f6bd30807766] INFO  o.eclipse.m2e.core.internal.Bundles - 	Entry: C:\Users\uppal\.p2\pool\plugins\org.eclipse.m2e.maven.runtime_3.9.400.20230826-0755\jars\org.eclipse.sisu.inject-0.3.5.jar
2023-12-08 16:05:07,669 [Worker-43: Launching mavenrun-398e27f4-4125-4448-bc51-f6bd30807766] INFO  o.eclipse.m2e.core.internal.Bundles - 	Entry: C:\Users\uppal\.p2\pool\plugins\org.eclipse.m2e.maven.runtime_3.9.400.20230826-0755\jars\org.eclipse.sisu.plexus-0.3.5.jar
2023-12-08 16:05:07,669 [Worker-43: Launching mavenrun-398e27f4-4125-4448-bc51-f6bd30807766] INFO  o.eclipse.m2e.core.internal.Bundles - 	Entry: C:\Users\uppal\.p2\pool\plugins\org.eclipse.m2e.maven.runtime_3.9.400.20230826-0755\jars\plexus-build-api-0.0.7.jar
2023-12-08 16:05:07,669 [Worker-43: Launching mavenrun-398e27f4-4125-4448-bc51-f6bd30807766] INFO  o.eclipse.m2e.core.internal.Bundles - 	Entry: C:\Users\uppal\.p2\pool\plugins\org.eclipse.m2e.maven.runtime_3.9.400.20230826-0755\jars\plexus-cipher-2.0.jar
2023-12-08 16:05:07,669 [Worker-43: Launching mavenrun-398e27f4-4125-4448-bc51-f6bd30807766] INFO  o.eclipse.m2e.core.internal.Bundles - 	Entry: C:\Users\uppal\.p2\pool\plugins\org.eclipse.m2e.maven.runtime_3.9.400.20230826-0755\jars\plexus-classworlds-2.7.0.jar
2023-12-08 16:05:07,669 [Worker-43: Launching mavenrun-398e27f4-4125-4448-bc51-f6bd30807766] INFO  o.eclipse.m2e.core.internal.Bundles - 	Entry: C:\Users\uppal\.p2\pool\plugins\org.eclipse.m2e.maven.runtime_3.9.400.20230826-0755\jars\plexus-component-annotations-2.1.0.jar
2023-12-08 16:05:07,670 [Worker-43: Launching mavenrun-398e27f4-4125-4448-bc51-f6bd30807766] INFO  o.eclipse.m2e.core.internal.Bundles - 	Entry: C:\Users\uppal\.p2\pool\plugins\org.eclipse.m2e.maven.runtime_3.9.400.20230826-0755\jars\plexus-interpolation-1.26.jar
2023-12-08 16:05:07,670 [Worker-43: Launching mavenrun-398e27f4-4125-4448-bc51-f6bd30807766] INFO  o.eclipse.m2e.core.internal.Bundles - 	Entry: C:\Users\uppal\.p2\pool\plugins\org.eclipse.m2e.maven.runtime_3.9.400.20230826-0755\jars\plexus-sec-dispatcher-2.0.jar
2023-12-08 16:05:07,670 [Worker-43: Launching mavenrun-398e27f4-4125-4448-bc51-f6bd30807766] INFO  o.eclipse.m2e.core.internal.Bundles - 	Entry: C:\Users\uppal\.p2\pool\plugins\org.eclipse.m2e.maven.runtime_3.9.400.20230826-0755\jars\plexus-utils-3.5.1.jar
2023-12-08 16:05:07,670 [Worker-43: Launching mavenrun-398e27f4-4125-4448-bc51-f6bd30807766] INFO  o.eclipse.m2e.core.internal.Bundles - 	Entry: C:\Users\uppal\.p2\pool\plugins\org.eclipse.m2e.maven.runtime_3.9.400.20230826-0755\jars\wagon-file-3.5.3.jar
2023-12-08 16:05:07,670 [Worker-43: Launching mavenrun-398e27f4-4125-4448-bc51-f6bd30807766] INFO  o.eclipse.m2e.core.internal.Bundles - 	Entry: C:\Users\uppal\.p2\pool\plugins\org.eclipse.m2e.maven.runtime_3.9.400.20230826-0755\jars\wagon-provider-api-3.5.3.jar
2023-12-08 16:05:07,697 [Worker-43: Launching mavenrun-398e27f4-4125-4448-bc51-f6bd30807766] INFO  o.eclipse.m2e.core.internal.Bundles - getClasspathEntries(Bundle=com.google.guava_32.1.2.jre [10])
2023-12-08 16:05:07,859 [Worker-43: Launching mavenrun-398e27f4-4125-4448-bc51-f6bd30807766] INFO  o.eclipse.m2e.core.internal.Bundles - 	Entry: C:\Users\uppal\.p2\pool\plugins\com.google.guava_32.1.2.jre.jar
2023-12-08 16:05:07,860 [Worker-43: Launching mavenrun-398e27f4-4125-4448-bc51-f6bd30807766] INFO  o.eclipse.m2e.core.internal.Bundles - getClasspathEntries(Bundle=slf4j.api_2.0.9 [518])
2023-12-08 16:05:08,020 [Worker-43: Launching mavenrun-398e27f4-4125-4448-bc51-f6bd30807766] INFO  o.eclipse.m2e.core.internal.Bundles - 	Entry: C:\Users\uppal\.p2\pool\plugins\slf4j.api_2.0.9.jar
2023-12-08 16:05:08,020 [Worker-43: Launching mavenrun-398e27f4-4125-4448-bc51-f6bd30807766] INFO  o.eclipse.m2e.core.internal.Bundles - getClasspathEntries(Bundle=javax.inject_1.0.0.v20220405-0441 [26])
2023-12-08 16:05:08,213 [Worker-43: Launching mavenrun-398e27f4-4125-4448-bc51-f6bd30807766] INFO  o.eclipse.m2e.core.internal.Bundles - 	Entry: C:\Users\uppal\.p2\pool\plugins\javax.inject_1.0.0.v20220405-0441.jar
2023-12-08 16:05:08,214 [Worker-43: Launching mavenrun-398e27f4-4125-4448-bc51-f6bd30807766] INFO  o.eclipse.m2e.core.internal.Bundles - getClasspathEntries(Bundle=javax.annotation_1.3.5.v20200909-1856 [24])
2023-12-08 16:05:08,376 [Worker-43: Launching mavenrun-398e27f4-4125-4448-bc51-f6bd30807766] INFO  o.eclipse.m2e.core.internal.Bundles - 	Entry: C:\Users\uppal\.p2\pool\plugins\javax.annotation_1.3.5.v20200909-1856.jar
2023-12-08 16:05:08,376 [Worker-43: Launching mavenrun-398e27f4-4125-4448-bc51-f6bd30807766] INFO  o.eclipse.m2e.core.internal.Bundles - getClasspathEntries(Bundle=org.apache.commons.cli_1.5.0 [49])
2023-12-08 16:05:08,535 [Worker-43: Launching mavenrun-398e27f4-4125-4448-bc51-f6bd30807766] INFO  o.eclipse.m2e.core.internal.Bundles - 	Entry: C:\Users\uppal\.p2\pool\plugins\org.apache.commons.cli_1.5.0.jar
2023-12-08 16:05:08,537 [Worker-43: Launching mavenrun-398e27f4-4125-4448-bc51-f6bd30807766] INFO  o.eclipse.m2e.core.internal.Bundles - getClasspathEntries(Bundle=com.google.guava.failureaccess_1.0.1 [12])
2023-12-08 16:05:08,729 [Worker-43: Launching mavenrun-398e27f4-4125-4448-bc51-f6bd30807766] INFO  o.eclipse.m2e.core.internal.Bundles - 	Entry: C:\Users\uppal\.p2\pool\plugins\com.google.guava.failureaccess_1.0.1.jar
2023-12-08 16:05:08,748 [Worker-43: Launching mavenrun-398e27f4-4125-4448-bc51-f6bd30807766] INFO  o.e.m.i.launch.MavenLaunchDelegate - Run build in "C:\Users\uppal\AppData\Local\Temp\m2e-archetypeGenerator13548789236842792448":
2023-12-08 16:05:08,753 [Worker-43: Launching mavenrun-398e27f4-4125-4448-bc51-f6bd30807766] INFO  o.e.m.i.launch.MavenLaunchDelegate -  mvn  -DarchetypeGroupId=org.apache.maven.archetypes -DarchetypeArtifactId=maven-archetype-quickstart -DarchetypeVersion=1.1 -DgroupId=jdbc -DartifactId=JavaDataBaseConnectivity -Dversion=0.0.1-SNAPSHOT -Dpackage=jdbc.JavaDataBaseConnectivity -DoutputDirectory=C:\Users\uppal\OneDrive\Desktop\JAVA -Dstyle.color=always -U archetype:generate
2023-12-08 16:09:58,575 [Worker-5: Loading available Gradle versions] INFO  o.e.b.c.i.u.g.PublishedGradleVersions - Gradle version information cache is up-to-date. Trying to read.
